<?xml version="1.0" encoding="UTF-8"?>
<testng-results skipped="0" failed="0" ignored="0" total="1" passed="1">
  <reporter-output>
  </reporter-output>
  <suite name="Suite" duration-ms="23" started-at="2022-06-06T03:11:46Z" finished-at="2022-06-06T03:11:46Z">
    <groups>
    </groups>
    <test name="Test" duration-ms="23" started-at="2022-06-06T03:11:46Z" finished-at="2022-06-06T03:11:46Z">
      <class name="sandbox01.HelloWorld">
        <test-method status="PASS" signature="testHelloWorld()[pri:0, instance:sandbox01.HelloWorld@6e2c9341]" name="testHelloWorld" duration-ms="5" started-at="2022-06-06T03:11:46Z" finished-at="2022-06-06T03:11:46Z">
          <reporter-output>
          </reporter-output>
        </test-method> <!-- testHelloWorld -->
      </class> <!-- sandbox01.HelloWorld -->
    </test> <!-- Test -->
  </suite> <!-- Suite -->
</testng-results>
