<?xml version="1.0" encoding="UTF-8"?>
<testng-results skipped="0" failed="0" ignored="0" total="1" passed="1">
  <reporter-output>
  </reporter-output>
  <suite name="Default suite" duration-ms="8617" started-at="2022-06-09T11:07:58 ICT" finished-at="2022-06-09T11:08:07 ICT">
    <groups>
    </groups>
    <test name="Default test" duration-ms="8617" started-at="2022-06-09T11:07:58 ICT" finished-at="2022-06-09T11:08:07 ICT">
      <class name="tugas04.YOPMailTest">
        <test-method status="PASS" signature="setup()[pri:0, instance:tugas04.YOPMailTest@23fe1d71]" name="setup" is-config="true" duration-ms="2938" started-at="2022-06-09T11:07:58 ICT" finished-at="2022-06-09T11:08:01 ICT">
          <reporter-output>
          </reporter-output>
        </test-method> <!-- setup -->
        <test-method status="PASS" signature="yopMail()[pri:0, instance:tugas04.YOPMailTest@23fe1d71]" name="yopMail" duration-ms="5000" started-at="2022-06-09T11:08:01 ICT" finished-at="2022-06-09T11:08:06 ICT">
          <reporter-output>
          </reporter-output>
        </test-method> <!-- yopMail -->
        <test-method status="PASS" signature="teardown()[pri:0, instance:tugas04.YOPMailTest@23fe1d71]" name="teardown" is-config="true" duration-ms="649" started-at="2022-06-09T11:08:06 ICT" finished-at="2022-06-09T11:08:07 ICT">
          <reporter-output>
          </reporter-output>
        </test-method> <!-- teardown -->
      </class> <!-- tugas04.YOPMailTest -->
    </test> <!-- Default test -->
  </suite> <!-- Default suite -->
</testng-results>
